{"total": {"lines":{"total":121,"covered":121,"skipped":0,"pct":100},"statements":{"total":123,"covered":123,"skipped":0,"pct":100},"functions":{"total":38,"covered":38,"skipped":0,"pct":100},"branches":{"total":95,"covered":95,"skipped":0,"pct":100},"branchesTrue":{"total":0,"covered":0,"skipped":0,"pct":"Unknown"}}
,"/Users/simpletron/Tamara/simple-otp-input/src/components/SimpleOtpInput.js": {"lines":{"total":121,"covered":121,"skipped":0,"pct":100},"functions":{"total":38,"covered":38,"skipped":0,"pct":100},"statements":{"total":123,"covered":123,"skipped":0,"pct":100},"branches":{"total":95,"covered":95,"skipped":0,"pct":100}}
}
