{"total": {"lines":{"total":76,"covered":75,"skipped":0,"pct":98.68},"statements":{"total":77,"covered":76,"skipped":0,"pct":98.7},"functions":{"total":23,"covered":23,"skipped":0,"pct":100},"branches":{"total":56,"covered":55,"skipped":0,"pct":98.21},"branchesTrue":{"total":0,"covered":0,"skipped":0,"pct":"Unknown"}}
,"/Users/simpletron/Tamara/simple-otp-input/src/components/SimpleOtpInput.js": {"lines":{"total":76,"covered":75,"skipped":0,"pct":98.68},"functions":{"total":23,"covered":23,"skipped":0,"pct":100},"statements":{"total":77,"covered":76,"skipped":0,"pct":98.7},"branches":{"total":56,"covered":55,"skipped":0,"pct":98.21}}
}
